  py2cpp.cpp
e:\桌面\research\3-imagewarping\cppcode\project1\project1\py2cpp.cpp(15): warning C4305: “初始化”: 从“double”到“float”截断
e:\桌面\research\3-imagewarping\cppcode\project1\project1\py2cpp.cpp(21): warning C4018: “<”: 有符号/无符号不匹配
e:\桌面\research\3-imagewarping\cppcode\project1\project1\py2cpp.cpp(22): warning C4018: “<”: 有符号/无符号不匹配
e:\桌面\research\3-imagewarping\cppcode\project1\project1\py2cpp.cpp(42): warning C4018: “<”: 有符号/无符号不匹配
e:\桌面\research\3-imagewarping\cppcode\project1\project1\py2cpp.cpp(82): warning C4018: “<”: 有符号/无符号不匹配
e:\桌面\research\3-imagewarping\cppcode\project1\project1\py2cpp.cpp(94): warning C4018: “<”: 有符号/无符号不匹配
e:\桌面\research\3-imagewarping\cppcode\project1\project1\py2cpp.cpp(95): warning C4018: “<”: 有符号/无符号不匹配
e:\桌面\research\3-imagewarping\cppcode\project1\project1\py2cpp.cpp(99): warning C4018: “<”: 有符号/无符号不匹配
e:\桌面\research\3-imagewarping\cppcode\project1\project1\py2cpp.cpp(136): warning C4018: “<”: 有符号/无符号不匹配
e:\桌面\research\3-imagewarping\cppcode\project1\project1\py2cpp.cpp(137): warning C4018: “<”: 有符号/无符号不匹配
e:\桌面\research\3-imagewarping\cppcode\project1\project1\py2cpp.cpp(138): warning C4018: “<”: 有符号/无符号不匹配
e:\桌面\research\3-imagewarping\cppcode\project1\project1\py2cpp.cpp(142): warning C4018: “<”: 有符号/无符号不匹配
e:\桌面\research\3-imagewarping\cppcode\project1\project1\py2cpp.cpp(143): warning C4018: “<”: 有符号/无符号不匹配
e:\桌面\research\3-imagewarping\cppcode\project1\project1\py2cpp.cpp(144): warning C4018: “<”: 有符号/无符号不匹配
e:\桌面\research\3-imagewarping\cppcode\project1\project1\py2cpp.cpp(167): warning C4018: “<”: 有符号/无符号不匹配
e:\桌面\research\3-imagewarping\cppcode\project1\project1\py2cpp.cpp(198): warning C4305: “初始化”: 从“double”到“float”截断
e:\桌面\research\3-imagewarping\cppcode\project1\project1\py2cpp.cpp(213): warning C4305: “初始化”: 从“double”到“float”截断
e:\桌面\research\3-imagewarping\cppcode\project1\project1\py2cpp.cpp(214): warning C4305: “初始化”: 从“double”到“float”截断
e:\桌面\research\3-imagewarping\cppcode\project1\project1\py2cpp.cpp(215): warning C4305: “初始化”: 从“double”到“float”截断
e:\桌面\research\3-imagewarping\cppcode\project1\project1\py2cpp.cpp(216): warning C4305: “初始化”: 从“double”到“float”截断
e:\桌面\research\3-imagewarping\cppcode\project1\project1\py2cpp.cpp(219): warning C4305: “初始化”: 从“double”到“float”截断
e:\桌面\research\3-imagewarping\cppcode\project1\project1\py2cpp.cpp(318): warning C4244: “初始化”: 从“double”转换到“float”，可能丢失数据
e:\桌面\research\3-imagewarping\cppcode\project1\project1\py2cpp.cpp(319): warning C4244: “初始化”: 从“double”转换到“float”，可能丢失数据
e:\桌面\research\3-imagewarping\cppcode\project1\project1\py2cpp.cpp(352): warning C4244: “=”: 从“double”转换到“float”，可能丢失数据
e:\桌面\research\3-imagewarping\cppcode\project1\project1\py2cpp.cpp(463): warning C4267: “参数”: 从“size_t”转换到“int”，可能丢失数据
e:\桌面\research\3-imagewarping\cppcode\project1\project1\py2cpp.cpp(464): warning C4267: “参数”: 从“size_t”转换到“int”，可能丢失数据
e:\桌面\research\3-imagewarping\cppcode\project1\project1\py2cpp.cpp(465): warning C4267: “参数”: 从“size_t”转换到“int”，可能丢失数据
e:\桌面\research\3-imagewarping\cppcode\project1\project1\py2cpp.cpp(488): warning C4267: “参数”: 从“size_t”转换到“int”，可能丢失数据
e:\桌面\research\3-imagewarping\cppcode\project1\project1\py2cpp.cpp(528): warning C4244: “初始化”: 从“float”转换到“int”，可能丢失数据
e:\桌面\research\3-imagewarping\cppcode\project1\project1\py2cpp.cpp(582): warning C4267: “参数”: 从“size_t”转换到“int”，可能丢失数据
e:\桌面\research\3-imagewarping\cppcode\project1\project1\py2cpp.cpp(589): warning C4267: “参数”: 从“size_t”转换到“int”，可能丢失数据
e:\桌面\research\3-imagewarping\cppcode\project1\project1\py2cpp.cpp(620): warning C4267: “参数”: 从“size_t”转换到“int”，可能丢失数据
e:\桌面\research\3-imagewarping\cppcode\project1\project1\py2cpp.cpp(663): warning C4305: “参数”: 从“double”到“const float”截断
e:\桌面\research\3-imagewarping\cppcode\project1\project1\py2cpp.cpp(698): warning C4305: “参数”: 从“double”到“const float”截断
e:\桌面\research\3-imagewarping\cppcode\project1\project1\py2cpp.cpp(821): warning C4244: “参数”: 从“_Ty”转换到“_Tp”，可能丢失数据
          with
          [
              _Ty=float
          ]
          and
          [
              _Tp=int
          ]
e:\桌面\research\3-imagewarping\cppcode\project1\project1\py2cpp.cpp(822): warning C4244: “参数”: 从“_Ty”转换到“_Tp”，可能丢失数据
          with
          [
              _Ty=float
          ]
          and
          [
              _Tp=int
          ]
c:\program files (x86)\microsoft visual studio\2017\community\vc\tools\msvc\14.16.27023\include\xmemory0(881): warning C4244: “初始化”: 从“_Ty”转换到“_Objty”，可能丢失数据
          with
          [
              _Ty=double
          ]
          and
          [
              _Objty=float
          ]
  c:\program files (x86)\microsoft visual studio\2017\community\vc\tools\msvc\14.16.27023\include\vector(900): note: 参见对正在编译的函数 模板 实例化“void std::_Default_allocator_traits<_Alloc>::construct<_Ty,double>(_Alloc &,_Objty *const ,double &&)”的引用
          with
          [
              _Alloc=std::allocator<float>,
              _Ty=float,
              _Objty=float
          ]
  c:\program files (x86)\microsoft visual studio\2017\community\vc\tools\msvc\14.16.27023\include\vector(902): note: 参见对正在编译的函数 模板 实例化“void std::_Default_allocator_traits<_Alloc>::construct<_Ty,double>(_Alloc &,_Objty *const ,double &&)”的引用
          with
          [
              _Alloc=std::allocator<float>,
              _Ty=float,
              _Objty=float
          ]
  c:\program files (x86)\microsoft visual studio\2017\community\vc\tools\msvc\14.16.27023\include\vector(916): note: 参见对正在编译的函数 模板 实例化“void std::vector<float,std::allocator<_Ty>>::_Emplace_back_with_unused_capacity<double>(double &&)”的引用
          with
          [
              _Ty=float
          ]
  e:\桌面\research\3-imagewarping\cppcode\project1\project1\py2cpp.cpp(456): note: 参见对正在编译的函数 模板 实例化“void std::vector<float,std::allocator<_Ty>>::emplace_back<double>(double &&)”的引用
          with
          [
              _Ty=float
          ]
c:\program files (x86)\microsoft visual studio\2017\community\vc\tools\msvc\14.16.27023\include\utility(239): warning C4244: “初始化”: 从“_Ty”转换到“_Ty1”，可能丢失数据
          with
          [
              _Ty=int
          ]
          and
          [
              _Ty1=float
          ]
  c:\program files (x86)\microsoft visual studio\2017\community\vc\tools\msvc\14.16.27023\include\xmemory0(879): note: 参见对正在编译的函数 模板 实例化“std::pair<float,float>::pair<int,int,0>(std::pair<int,int> &&) noexcept”的引用
  c:\program files (x86)\microsoft visual studio\2017\community\vc\tools\msvc\14.16.27023\include\xmemory0(881): note: 参见对正在编译的函数 模板 实例化“std::pair<float,float>::pair<int,int,0>(std::pair<int,int> &&) noexcept”的引用
  c:\program files (x86)\microsoft visual studio\2017\community\vc\tools\msvc\14.16.27023\include\vector(900): note: 参见对正在编译的函数 模板 实例化“void std::_Default_allocator_traits<_Alloc>::construct<_Ty,std::pair<int,int>>(_Alloc &,_Objty *const ,std::pair<int,int> &&)”的引用
          with
          [
              _Alloc=std::allocator<std::pair<float,float>>,
              _Ty=std::pair<float,float>,
              _Objty=std::pair<float,float>
          ]
  c:\program files (x86)\microsoft visual studio\2017\community\vc\tools\msvc\14.16.27023\include\vector(902): note: 参见对正在编译的函数 模板 实例化“void std::_Default_allocator_traits<_Alloc>::construct<_Ty,std::pair<int,int>>(_Alloc &,_Objty *const ,std::pair<int,int> &&)”的引用
          with
          [
              _Alloc=std::allocator<std::pair<float,float>>,
              _Ty=std::pair<float,float>,
              _Objty=std::pair<float,float>
          ]
  c:\program files (x86)\microsoft visual studio\2017\community\vc\tools\msvc\14.16.27023\include\vector(916): note: 参见对正在编译的函数 模板 实例化“void std::vector<std::pair<float,float>,std::allocator<_Ty>>::_Emplace_back_with_unused_capacity<std::pair<int,int>>(std::pair<int,int> &&)”的引用
          with
          [
              _Ty=std::pair<float,float>
          ]
  e:\桌面\research\3-imagewarping\cppcode\project1\project1\py2cpp.cpp(576): note: 参见对正在编译的函数 模板 实例化“void std::vector<std::pair<float,float>,std::allocator<_Ty>>::emplace_back<std::pair<int,int>>(std::pair<int,int> &&)”的引用
          with
          [
              _Ty=std::pair<float,float>
          ]
c:\program files (x86)\microsoft visual studio\2017\community\vc\tools\msvc\14.16.27023\include\utility(240): warning C4244: “初始化”: 从“_Ty”转换到“_Ty2”，可能丢失数据
          with
          [
              _Ty=int
          ]
          and
          [
              _Ty2=float
          ]
  Project1.vcxproj -> E:\桌面\research\3-imageWarping\cppcode\Project1\x64\Debug\Project1.exe
